<?xml version="1.0" encoding="UTF-8"?>
<!-- Generated by org.testng.reporters.JUnitReportReporter -->
<testsuite hostname="Work-ПК" name="Test.NewTest" tests="1" failures="0" timestamp="16 Sep 2016 03:49:48 GMT" time="0.039" errors="0">
  <testcase name="dispayResult" time="0.039" classname="Test.NewTest"/>
</testsuite> <!-- Test.NewTest -->
