<?xml version="1.0" encoding="UTF-8"?>
<!-- Generated by org.testng.reporters.JUnitReportReporter -->
<testsuite hostname="Work-ПК" name="Test.NewTest1" tests="1" failures="0" timestamp="16 Sep 2016 03:49:48 GMT" time="0.002" errors="0">
  <testcase name="dispayResult" time="0.002" classname="Test.NewTest1"/>
</testsuite> <!-- Test.NewTest1 -->
