<?xml version="1.0" encoding="UTF-8"?>
<!-- Generated by org.testng.reporters.JUnitReportReporter -->
<testsuite hostname="Work-ПК" name="Test.GroupTestExample" tests="3" failures="0" timestamp="18 Sep 2016 08:57:23 GMT" time="0.098" errors="0">
  <testcase name="testSalutationMessage" time="0.002" classname="Test.GroupTestExample"/>
  <testcase name="testingExitMessage" time="0.001" classname="Test.GroupTestExample"/>
  <testcase name="testPrintMessage" time="0.095" classname="Test.GroupTestExample"/>
</testsuite> <!-- Test.GroupTestExample -->
